d:\workspace\c\64bits\chua\x64\release\vc143.pdb
d:\workspace\c\64bits\chua\x64\release\main.obj
d:\workspace\c\cifradiff\64bits\chua\x64\release\vc143.pdb
d:\workspace\c\cifradiff\64bits\chua\x64\release\main.obj
c:\users\arthu\fimptcas\matlab_workspace\code\cifradiff\64bits\chua\x64\release\vc143.pdb
c:\users\arthu\fimptcas\matlab_workspace\code\cifradiff\64bits\chua\x64\release\main.obj
d:\workspace\c\64bits\x64\release\chua.exe
d:\workspace\c\64bits\chua\x64\release\chua.ipdb
d:\workspace\c\64bits\x64\release\chua.pdb
d:\workspace\c\64bits\chua\x64\release\chua.iobj
d:\workspace\c\cifradiff\64bits\x64\release\chua.exe
d:\workspace\c\cifradiff\64bits\chua\x64\release\chua.ipdb
d:\workspace\c\cifradiff\64bits\x64\release\chua.pdb
d:\workspace\c\cifradiff\64bits\chua\x64\release\chua.iobj
c:\users\arthu\fimptcas\matlab_workspace\code\cifradiff\64bits\x64\release\chua.exe
c:\users\arthu\fimptcas\matlab_workspace\code\cifradiff\64bits\chua\x64\release\chua.ipdb
c:\users\arthu\fimptcas\matlab_workspace\code\cifradiff\64bits\x64\release\chua.pdb
c:\users\arthu\fimptcas\matlab_workspace\code\cifradiff\64bits\chua\x64\release\chua.iobj
c:\users\arthu\fimptcas\matlab_workspace\code\cifradiff\64bits\chua\x64\release\chua.tlog\cl.command.1.tlog
c:\users\arthu\fimptcas\matlab_workspace\code\cifradiff\64bits\chua\x64\release\chua.tlog\cl.read.1.tlog
c:\users\arthu\fimptcas\matlab_workspace\code\cifradiff\64bits\chua\x64\release\chua.tlog\cl.write.1.tlog
c:\users\arthu\fimptcas\matlab_workspace\code\cifradiff\64bits\chua\x64\release\chua.tlog\link.command.1.tlog
c:\users\arthu\fimptcas\matlab_workspace\code\cifradiff\64bits\chua\x64\release\chua.tlog\link.read.1.tlog
c:\users\arthu\fimptcas\matlab_workspace\code\cifradiff\64bits\chua\x64\release\chua.tlog\link.write.1.tlog
